0 verbose cli C:\Program Files\nodejs\node.exe C:\Users\user\Desktop\programming-ukm\ukm-w5\UsersuserAppDataRoamingnpm\node_modules\npm\bin\npm-cli.js
1 info using npm@10.4.0
2 info using node@v20.11.0
3 timing npm:load:whichnode Completed in 2ms
4 timing config:load:defaults Completed in 1ms
5 timing config:load:file:C:\Users\user\Desktop\programming-ukm\ukm-w5\UsersuserAppDataRoamingnpm\node_modules\npm\npmrc Completed in 4ms
6 timing config:load:builtin Completed in 4ms
7 timing config:load:cli Completed in 1ms
8 timing config:load:env Completed in 0ms
9 timing config:load:file:C:\Users\user\Desktop\programming-ukm\ukm-w5\myProject\.npmrc Completed in 0ms
10 timing config:load:project Completed in 2ms
11 timing config:load:file:C:\Users\user\.npmrc Completed in 0ms
12 timing config:load:user Completed in 0ms
13 timing config:load:file:C:\Users\user\Desktop\programming-ukm\ukm-w5\UsersuserAppDataRoamingnpm\etc\npmrc Completed in 1ms
14 timing config:load:global Completed in 1ms
15 timing config:load:setEnvs Completed in 0ms
16 timing config:load Completed in 11ms
17 timing npm:load:configload Completed in 11ms
18 timing config:load:flatten Completed in 1ms
19 timing npm:load:mkdirpcache Completed in 0ms
20 timing npm:load:mkdirplogs Completed in 0ms
21 verbose title npm run develop
22 verbose argv "run" "develop"
23 timing npm:load:setTitle Completed in 1ms
24 timing npm:load:display Completed in 0ms
25 verbose logfile logs-max:10 dir:C:\Users\user\Desktop\programming-ukm\ukm-w5\UsersuserAppDataRoamingnpm-cache\_logs\2024-02-19T03_38_31_569Z-
26 verbose logfile C:\Users\user\Desktop\programming-ukm\ukm-w5\UsersuserAppDataRoamingnpm-cache\_logs\2024-02-19T03_38_31_569Z-debug-0.log
27 timing npm:load:logFile Completed in 6ms
28 timing npm:load:timers Completed in 0ms
29 timing npm:load:configScope Completed in 0ms
30 timing npm:load Completed in 52ms
31 silly logfile start cleaning logs, removing 1 files
32 silly logfile done cleaning log files
