0 verbose cli C:\Program Files\nodejs\node.exe C:\Program Files\nodejs\node_modules\npm\bin\npm-cli.js
1 info using npm@10.2.4
2 info using node@v20.11.0
3 timing npm:load:whichnode Completed in 2ms
4 timing config:load:defaults Completed in 2ms
5 timing config:load:file:C:\Program Files\nodejs\node_modules\npm\npmrc Completed in 4ms
6 timing config:load:builtin Completed in 4ms
7 timing config:load:cli Completed in 2ms
8 timing config:load:env Completed in 0ms
9 timing config:load:project Completed in 1ms
10 timing config:load:file:C:\Users\user\.npmrc Completed in 0ms
11 timing config:load:user Completed in 0ms
12 timing config:load:file:C:\Users\user\Desktop\programming-ukm\ukm-w5\UsersuserAppDataRoamingnpm\etc\npmrc Completed in 1ms
13 timing config:load:global Completed in 1ms
14 timing config:load:setEnvs Completed in 0ms
15 timing config:load Completed in 10ms
16 timing npm:load:configload Completed in 10ms
17 timing config:load:flatten Completed in 1ms
18 timing npm:load:mkdirpcache Completed in 1ms
19 timing npm:load:mkdirplogs Completed in 0ms
20 verbose title npm install npm@10.4.0
21 verbose argv "install" "--global" "npm@10.4.0"
22 timing npm:load:setTitle Completed in 1ms
23 timing npm:load:display Completed in 0ms
24 verbose logfile logs-max:10 dir:C:\Users\user\Desktop\programming-ukm\ukm-w5\UsersuserAppDataRoamingnpm-cache\_logs\2024-02-19T03_28_42_914Z-
25 verbose logfile C:\Users\user\Desktop\programming-ukm\ukm-w5\UsersuserAppDataRoamingnpm-cache\_logs\2024-02-19T03_28_42_914Z-debug-0.log
26 timing npm:load:logFile Completed in 12ms
27 timing npm:load:timers Completed in 0ms
28 timing npm:load:configScope Completed in 0ms
29 timing npm:load Completed in 51ms
30 timing config:load:flatten Completed in 0ms
31 silly logfile done cleaning log files
32 http fetch GET 200 https://registry.npmjs.org/npm 19ms (cache hit)
33 timing arborist:ctor Completed in 1ms
34 timing idealTree:init Completed in 3ms
35 timing idealTree:userRequests Completed in 2ms
36 silly idealTree buildDeps
37 silly fetch manifest npm@10.4.0
38 http fetch GET 200 https://registry.npmjs.org/npm 10ms (cache hit)
39 silly placeDep ROOT npm@10.4.0 OK for:  want: 10.4.0
40 timing idealTree:#root Completed in 22ms
41 timing idealTree:node_modules/npm Completed in 0ms
42 timing idealTree:buildDeps Completed in 24ms
43 timing idealTree:fixDepFlags Completed in 1ms
44 timing idealTree Completed in 31ms
45 timing reify:loadTrees Completed in 32ms
46 timing reify:diffTrees Completed in 1ms
47 silly reify moves {}
48 timing reify:retireShallow Completed in 1ms
49 timing reify:createSparse Completed in 1ms
50 silly tarball no local data for npm@https://registry.npmjs.org/npm/-/npm-10.4.0.tgz. Extracting by manifest.
51 http fetch GET 200 https://registry.npmjs.org/npm/-/npm-10.4.0.tgz 3438ms (cache miss)
52 timing reifyNode:node_modules/npm Completed in 3443ms
53 timing arborist:ctor Completed in 0ms
54 timing reify:diffTrees Completed in 6ms
55 timing reify:loadBundles Completed in 3588ms
56 timing reify:unpack Completed in 0ms
57 timing reify:unretire Completed in 0ms
58 timing build:queue Completed in 9ms
59 timing build:link:node_modules/npm/node_modules/@npmcli/arborist Completed in 20ms
60 timing build:link:node_modules/npm Completed in 20ms
61 timing build:link:node_modules/npm/node_modules/@npmcli/installed-package-contents Completed in 20ms
62 timing build:link:node_modules/npm/node_modules/glob Completed in 20ms
63 timing build:link:node_modules/npm/node_modules/mkdirp Completed in 19ms
64 timing build:link:node_modules/npm/node_modules/color-support Completed in 20ms
65 timing build:link:node_modules/npm/node_modules/node-gyp Completed in 19ms
66 timing build:link:node_modules/npm/node_modules/cross-spawn/node_modules/which Completed in 19ms
67 timing build:link:node_modules/npm/node_modules/cssesc Completed in 20ms
68 timing build:link:node_modules/npm/node_modules/pacote Completed in 19ms
69 timing build:link:node_modules/npm/node_modules/which Completed in 19ms
70 timing build:link:node_modules/npm/node_modules/nopt Completed in 19ms
71 timing build:link:node_modules/npm/node_modules/qrcode-terminal Completed in 19ms
72 timing build:link:node_modules/npm/node_modules/semver Completed in 19ms
73 timing build:link Completed in 20ms
74 timing build:deps Completed in 30ms
75 timing build Completed in 30ms
76 timing reify:build Completed in 30ms
77 timing reify:trash Completed in 0ms
78 timing reify Completed in 3659ms
79 silly ADD node_modules/npm
80 timing command:install Completed in 3705ms
81 verbose exit 0
82 timing npm Completed in 3982ms
83 info ok
