0 verbose cli C:\Program Files\nodejs\node.exe C:\Users\user\Desktop\programming-ukm\ukm-w5\UsersuserAppDataRoamingnpm\node_modules\npm\bin\npm-cli.js
1 info using npm@10.4.0
2 info using node@v20.11.0
3 timing npm:load:whichnode Completed in 2ms
4 timing config:load:defaults Completed in 1ms
5 timing config:load:file:C:\Users\user\Desktop\programming-ukm\ukm-w5\UsersuserAppDataRoamingnpm\node_modules\npm\npmrc Completed in 5ms
6 timing config:load:builtin Completed in 5ms
7 timing config:load:cli Completed in 1ms
8 timing config:load:env Completed in 1ms
9 timing config:load:file:C:\Users\user\Desktop\programming-ukm\.npmrc Completed in 0ms
10 timing config:load:project Completed in 2ms
11 timing config:load:file:C:\Users\user\.npmrc Completed in 1ms
12 timing config:load:user Completed in 1ms
13 timing config:load:file:C:\Users\user\Desktop\programming-ukm\ukm-w5\UsersuserAppDataRoamingnpm\etc\npmrc Completed in 0ms
14 timing config:load:global Completed in 0ms
15 timing config:load:setEnvs Completed in 1ms
16 timing config:load Completed in 12ms
17 timing npm:load:configload Completed in 12ms
18 timing config:load:flatten Completed in 2ms
19 timing npm:load:mkdirpcache Completed in 1ms
20 timing npm:load:mkdirplogs Completed in 1ms
21 verbose title npm exec create-strapi-app@latest myProject
22 verbose argv "exec" "--" "create-strapi-app@latest" "myProject"
23 timing npm:load:setTitle Completed in 1ms
24 timing npm:load:display Completed in 0ms
25 verbose logfile logs-max:10 dir:C:\Users\user\Desktop\programming-ukm\ukm-w5\UsersuserAppDataRoamingnpm-cache\_logs\2024-02-19T03_34_09_439Z-
26 verbose logfile C:\Users\user\Desktop\programming-ukm\ukm-w5\UsersuserAppDataRoamingnpm-cache\_logs\2024-02-19T03_34_09_439Z-debug-0.log
27 timing npm:load:logFile Completed in 6ms
28 timing npm:load:timers Completed in 0ms
29 timing npm:load:configScope Completed in 0ms
30 timing npm:load Completed in 52ms
31 silly logfile done cleaning log files
32 timing arborist:ctor Completed in 0ms
33 timing arborist:ctor Completed in 0ms
34 http fetch GET 200 https://registry.npmjs.org/create-strapi-app 713ms (cache miss)
35 timing arborist:ctor Completed in 0ms
36 timing arborist:ctor Completed in 0ms
37 timing arborist:ctor Completed in 1ms
38 timing idealTree:init Completed in 4ms
39 timing idealTree:userRequests Completed in 1ms
40 silly idealTree buildDeps
41 silly fetch manifest create-strapi-app@4.20.1
42 http fetch GET 200 https://registry.npmjs.org/create-strapi-app 1044ms (cache miss)
43 silly placeDep ROOT create-strapi-app@4.20.1 OK for:  want: 4.20.1
44 silly fetch manifest @strapi/generate-new@4.20.1
45 silly fetch manifest commander@8.3.0
46 silly fetch manifest inquirer@8.2.5
47 http fetch GET 200 https://registry.npmjs.org/inquirer 326ms (cache miss)
48 http fetch GET 200 https://registry.npmjs.org/commander 453ms (cache miss)
49 http fetch GET 200 https://registry.npmjs.org/@strapi%2fgenerate-new 1414ms (cache miss)
50 timing idealTree:#root Completed in 2496ms
51 silly placeDep ROOT @strapi/generate-new@4.20.1 OK for: create-strapi-app@4.20.1 want: 4.20.1
52 silly placeDep ROOT commander@8.3.0 OK for: create-strapi-app@4.20.1 want: 8.3.0
53 silly placeDep ROOT inquirer@8.2.5 OK for: create-strapi-app@4.20.1 want: 8.2.5
54 silly fetch manifest @sentry/node@6.19.7
55 silly fetch manifest chalk@^4.1.2
56 silly fetch manifest execa@5.1.1
57 silly fetch manifest fs-extra@10.0.0
58 silly fetch manifest lodash@4.17.21
59 silly fetch manifest node-fetch@2.7.0
60 silly fetch manifest node-machine-id@^1.1.10
61 silly fetch manifest ora@^5.4.1
62 silly fetch manifest semver@7.5.4
63 silly fetch manifest tar@6.1.13
64 silly fetch manifest ansi-escapes@^4.2.1
65 http fetch GET 200 https://registry.npmjs.org/chalk 97ms (cache miss)
66 silly fetch manifest chalk@^4.1.1
67 silly fetch manifest cli-cursor@^3.1.0
68 http fetch GET 200 https://registry.npmjs.org/lodash 255ms (cache miss)
69 silly fetch manifest cli-width@^3.0.0
70 http fetch GET 200 https://registry.npmjs.org/ansi-escapes 263ms (cache miss)
71 silly fetch manifest external-editor@^3.0.3
72 http fetch GET 200 https://registry.npmjs.org/ora 280ms (cache miss)
73 silly fetch manifest figures@^3.0.0
74 http fetch GET 200 https://registry.npmjs.org/fs-extra 286ms (cache miss)
75 silly fetch manifest lodash@^4.17.21
76 silly fetch manifest mute-stream@0.0.8
77 http fetch GET 200 https://registry.npmjs.org/cli-width 90ms (cache miss)
78 silly fetch manifest run-async@^2.4.0
79 http fetch GET 200 https://registry.npmjs.org/external-editor 85ms (cache miss)
80 silly fetch manifest rxjs@^7.5.5
81 http fetch GET 200 https://registry.npmjs.org/mute-stream 84ms (cache miss)
82 silly fetch manifest string-width@^4.1.0
83 http fetch GET 200 https://registry.npmjs.org/node-fetch 378ms (cache miss)
84 silly fetch manifest strip-ansi@^6.0.0
85 http fetch GET 200 https://registry.npmjs.org/tar 395ms (cache miss)
86 silly fetch manifest through@^2.3.6
87 http fetch GET 200 https://registry.npmjs.org/run-async 90ms (cache miss)
88 silly fetch manifest wrap-ansi@^7.0.0
89 http fetch GET 200 https://registry.npmjs.org/node-machine-id 461ms (cache miss)
90 http fetch GET 200 https://registry.npmjs.org/strip-ansi 92ms (cache miss)
91 http fetch GET 200 https://registry.npmjs.org/through 82ms (cache miss)
92 http fetch GET 200 https://registry.npmjs.org/rxjs 159ms (cache miss)
93 http fetch GET 200 https://registry.npmjs.org/wrap-ansi 86ms (cache miss)
94 http fetch GET 200 https://registry.npmjs.org/cli-cursor 568ms (cache miss)
95 http fetch GET 200 https://registry.npmjs.org/execa 924ms (cache miss)
96 http fetch GET 200 https://registry.npmjs.org/semver 1045ms (cache miss)
97 http fetch GET 200 https://registry.npmjs.org/figures 885ms (cache miss)
98 http fetch GET 200 https://registry.npmjs.org/string-width 886ms (cache miss)
99 http fetch GET 200 https://registry.npmjs.org/@sentry%2fnode 1993ms (cache miss)
100 timing idealTree:node_modules/create-strapi-app Completed in 2007ms
101 silly fetch manifest encoding@^0.1.0
102 http fetch GET 200 https://registry.npmjs.org/encoding 162ms (cache miss)
103 silly placeDep ROOT @sentry/node@6.19.7 OK for: @strapi/generate-new@4.20.1 want: 6.19.7
104 silly placeDep ROOT chalk@4.1.2 OK for: @strapi/generate-new@4.20.1 want: ^4.1.2
105 silly placeDep ROOT execa@5.1.1 OK for: @strapi/generate-new@4.20.1 want: 5.1.1
106 silly placeDep ROOT fs-extra@10.0.0 OK for: @strapi/generate-new@4.20.1 want: 10.0.0
107 silly placeDep ROOT lodash@4.17.21 OK for: @strapi/generate-new@4.20.1 want: 4.17.21
108 silly placeDep ROOT node-fetch@2.7.0 OK for: @strapi/generate-new@4.20.1 want: 2.7.0
109 silly placeDep ROOT node-machine-id@1.1.12 OK for: @strapi/generate-new@4.20.1 want: ^1.1.10
110 silly placeDep ROOT ora@5.4.1 OK for: @strapi/generate-new@4.20.1 want: ^5.4.1
111 silly placeDep ROOT semver@7.5.4 OK for: @strapi/generate-new@4.20.1 want: 7.5.4
112 silly placeDep ROOT tar@6.1.13 OK for: @strapi/generate-new@4.20.1 want: 6.1.13
113 silly fetch manifest @sentry/core@6.19.7
114 silly fetch manifest @sentry/hub@6.19.7
115 silly fetch manifest @sentry/types@6.19.7
116 silly fetch manifest @sentry/utils@6.19.7
117 silly fetch manifest cookie@^0.4.1
118 silly fetch manifest https-proxy-agent@^5.0.0
119 silly fetch manifest lru_map@^0.3.3
120 silly fetch manifest tslib@^1.9.3
121 silly fetch manifest ansi-styles@^4.1.0
122 silly fetch manifest supports-color@^7.1.0
123 silly fetch manifest cross-spawn@^7.0.3
124 http fetch GET 200 https://registry.npmjs.org/tslib 96ms (cache miss)
125 silly fetch manifest get-stream@^6.0.0
126 http fetch GET 200 https://registry.npmjs.org/supports-color 99ms (cache miss)
127 silly fetch manifest human-signals@^2.1.0
128 http fetch GET 200 https://registry.npmjs.org/cross-spawn 102ms (cache miss)
129 silly fetch manifest is-stream@^2.0.0
130 http fetch GET 200 https://registry.npmjs.org/ansi-styles 105ms (cache miss)
131 silly fetch manifest merge-stream@^2.0.0
132 http fetch GET 200 https://registry.npmjs.org/cookie 112ms (cache miss)
133 silly fetch manifest npm-run-path@^4.0.1
134 http fetch GET 200 https://registry.npmjs.org/is-stream 86ms (cache miss)
135 silly fetch manifest onetime@^5.1.2
136 http fetch GET 200 https://registry.npmjs.org/human-signals 91ms (cache miss)
137 silly fetch manifest signal-exit@^3.0.3
138 http fetch GET 200 https://registry.npmjs.org/npm-run-path 115ms (cache miss)
139 silly fetch manifest strip-final-newline@^2.0.0
140 http fetch GET 200 https://registry.npmjs.org/onetime 108ms (cache miss)
141 silly fetch manifest graceful-fs@^4.2.0
142 http fetch GET 200 https://registry.npmjs.org/signal-exit 109ms (cache miss)
143 silly fetch manifest jsonfile@^6.0.1
144 http fetch GET 200 https://registry.npmjs.org/strip-final-newline 121ms (cache miss)
145 silly fetch manifest universalify@^2.0.0
146 http fetch GET 200 https://registry.npmjs.org/jsonfile 77ms (cache miss)
147 silly fetch manifest whatwg-url@^5.0.0
148 http fetch GET 200 https://registry.npmjs.org/get-stream 294ms (cache miss)
149 silly fetch manifest bl@^4.1.0
150 http fetch GET 200 https://registry.npmjs.org/graceful-fs 99ms (cache miss)
151 silly fetch manifest cli-spinners@^2.5.0
152 http fetch GET 200 https://registry.npmjs.org/universalify 97ms (cache miss)
153 silly fetch manifest is-interactive@^1.0.0
154 http fetch GET 200 https://registry.npmjs.org/whatwg-url 84ms (cache miss)
155 silly fetch manifest is-unicode-supported@^0.1.0
156 http fetch GET 200 https://registry.npmjs.org/bl 98ms (cache miss)
157 silly fetch manifest log-symbols@^4.1.0
158 http fetch GET 200 https://registry.npmjs.org/cli-spinners 96ms (cache miss)
159 silly fetch manifest wcwidth@^1.0.1
160 http fetch GET 200 https://registry.npmjs.org/is-interactive 77ms (cache miss)
161 silly fetch manifest lru-cache@^6.0.0
162 http fetch GET 200 https://registry.npmjs.org/is-unicode-supported 78ms (cache miss)
163 silly fetch manifest chownr@^2.0.0
164 http fetch GET 200 https://registry.npmjs.org/log-symbols 128ms (cache miss)
165 silly fetch manifest fs-minipass@^2.0.0
166 http fetch GET 200 https://registry.npmjs.org/wcwidth 136ms (cache miss)
167 silly fetch manifest minipass@^4.0.0
168 http fetch GET 200 https://registry.npmjs.org/chownr 92ms (cache miss)
169 silly fetch manifest minizlib@^2.1.1
170 http fetch GET 200 https://registry.npmjs.org/lru-cache 185ms (cache miss)
171 silly fetch manifest mkdirp@^1.0.3
172 http fetch GET 200 https://registry.npmjs.org/fs-minipass 106ms (cache miss)
173 silly fetch manifest yallist@^4.0.0
174 http fetch GET 200 https://registry.npmjs.org/minipass 107ms (cache miss)
175 http fetch GET 200 https://registry.npmjs.org/yallist 89ms (cache miss)
176 http fetch GET 200 https://registry.npmjs.org/mkdirp 101ms (cache miss)
177 http fetch GET 200 https://registry.npmjs.org/lru_map 860ms (cache miss)
178 http fetch GET 200 https://registry.npmjs.org/https-proxy-agent 908ms (cache miss)
179 http fetch GET 200 https://registry.npmjs.org/merge-stream 912ms (cache miss)
180 http fetch GET 200 https://registry.npmjs.org/minizlib 872ms (cache miss)
181 http fetch GET 200 https://registry.npmjs.org/@sentry%2fcore 1725ms (cache miss)
182 http fetch GET 200 https://registry.npmjs.org/@sentry%2futils 1821ms (cache miss)
183 http fetch GET 200 https://registry.npmjs.org/@sentry%2ftypes 1829ms (cache miss)
184 http fetch GET 200 https://registry.npmjs.org/@sentry%2fhub 1906ms (cache miss)
185 timing idealTree:node_modules/@strapi/generate-new Completed in 2084ms
186 silly placeDep ROOT @sentry/core@6.19.7 OK for: @sentry/node@6.19.7 want: 6.19.7
187 silly placeDep ROOT @sentry/hub@6.19.7 OK for: @sentry/node@6.19.7 want: 6.19.7
188 silly placeDep ROOT @sentry/types@6.19.7 OK for: @sentry/node@6.19.7 want: 6.19.7
189 silly placeDep ROOT @sentry/utils@6.19.7 OK for: @sentry/node@6.19.7 want: 6.19.7
190 silly placeDep ROOT cookie@0.4.2 OK for: @sentry/node@6.19.7 want: ^0.4.1
191 silly placeDep ROOT https-proxy-agent@5.0.1 OK for: @sentry/node@6.19.7 want: ^5.0.0
192 silly placeDep ROOT lru_map@0.3.3 OK for: @sentry/node@6.19.7 want: ^0.3.3
193 silly placeDep ROOT tslib@1.14.1 OK for: @sentry/node@6.19.7 want: ^1.9.3
194 silly fetch manifest @sentry/minimal@6.19.7
195 silly fetch manifest agent-base@6
196 silly fetch manifest debug@4
197 http fetch GET 200 https://registry.npmjs.org/agent-base 86ms (cache miss)
198 http fetch GET 200 https://registry.npmjs.org/debug 101ms (cache miss)
199 http fetch GET 200 https://registry.npmjs.org/@sentry%2fminimal 1962ms (cache miss)
200 timing idealTree:node_modules/@sentry/node Completed in 1973ms
201 silly placeDep ROOT @sentry/minimal@6.19.7 OK for: @sentry/core@6.19.7 want: 6.19.7
202 timing idealTree:node_modules/@sentry/core Completed in 2ms
203 timing idealTree:node_modules/@sentry/hub Completed in 0ms
204 timing idealTree:node_modules/@sentry/minimal Completed in 0ms
205 timing idealTree:node_modules/@sentry/types Completed in 0ms
206 timing idealTree:node_modules/@sentry/utils Completed in 0ms
207 silly placeDep ROOT ansi-styles@4.3.0 OK for: chalk@4.1.2 want: ^4.1.0
208 silly placeDep ROOT supports-color@7.2.0 OK for: chalk@4.1.2 want: ^7.1.0
209 silly fetch manifest color-convert@^2.0.1
210 silly fetch manifest has-flag@^4.0.0
211 http fetch GET 200 https://registry.npmjs.org/has-flag 88ms (cache miss)
212 http fetch GET 200 https://registry.npmjs.org/color-convert 90ms (cache miss)
213 timing idealTree:node_modules/chalk Completed in 93ms
214 silly placeDep ROOT color-convert@2.0.1 OK for: ansi-styles@4.3.0 want: ^2.0.1
215 silly fetch manifest color-name@~1.1.4
216 http fetch GET 200 https://registry.npmjs.org/color-name 81ms (cache miss)
217 timing idealTree:node_modules/ansi-styles Completed in 83ms
218 silly placeDep ROOT color-name@1.1.4 OK for: color-convert@2.0.1 want: ~1.1.4
219 timing idealTree:node_modules/color-convert Completed in 1ms
220 timing idealTree:node_modules/color-name Completed in 0ms
221 timing idealTree:node_modules/commander Completed in 0ms
222 timing idealTree:node_modules/cookie Completed in 0ms
223 silly placeDep ROOT cross-spawn@7.0.3 OK for: execa@5.1.1 want: ^7.0.3
224 silly placeDep ROOT get-stream@6.0.1 OK for: execa@5.1.1 want: ^6.0.0
225 silly placeDep ROOT human-signals@2.1.0 OK for: execa@5.1.1 want: ^2.1.0
226 silly placeDep ROOT is-stream@2.0.1 OK for: execa@5.1.1 want: ^2.0.0
227 silly placeDep ROOT merge-stream@2.0.0 OK for: execa@5.1.1 want: ^2.0.0
228 silly placeDep ROOT npm-run-path@4.0.1 OK for: execa@5.1.1 want: ^4.0.1
229 silly placeDep ROOT onetime@5.1.2 OK for: execa@5.1.1 want: ^5.1.2
230 silly placeDep ROOT signal-exit@3.0.7 OK for: execa@5.1.1 want: ^3.0.3
231 silly placeDep ROOT strip-final-newline@2.0.0 OK for: execa@5.1.1 want: ^2.0.0
232 silly fetch manifest path-key@^3.1.0
233 silly fetch manifest shebang-command@^2.0.0
234 silly fetch manifest which@^2.0.1
235 silly fetch manifest path-key@^3.0.0
236 silly fetch manifest mimic-fn@^2.1.0
237 http fetch GET 200 https://registry.npmjs.org/path-key 110ms (cache miss)
238 http fetch GET 200 https://registry.npmjs.org/path-key 112ms (cache miss)
239 http fetch GET 200 https://registry.npmjs.org/mimic-fn 112ms (cache miss)
240 http fetch GET 200 https://registry.npmjs.org/shebang-command 113ms (cache miss)
241 http fetch GET 200 https://registry.npmjs.org/which 114ms (cache miss)
242 timing idealTree:node_modules/execa Completed in 121ms
243 silly placeDep ROOT path-key@3.1.1 OK for: cross-spawn@7.0.3 want: ^3.1.0
244 silly placeDep ROOT shebang-command@2.0.0 OK for: cross-spawn@7.0.3 want: ^2.0.0
245 silly placeDep ROOT which@2.0.2 OK for: cross-spawn@7.0.3 want: ^2.0.1
246 silly fetch manifest shebang-regex@^3.0.0
247 silly fetch manifest isexe@^2.0.0
248 http fetch GET 200 https://registry.npmjs.org/isexe 91ms (cache miss)
249 http fetch GET 200 https://registry.npmjs.org/shebang-regex 102ms (cache miss)
250 timing idealTree:node_modules/cross-spawn Completed in 106ms
251 silly placeDep ROOT graceful-fs@4.2.11 OK for: fs-extra@10.0.0 want: ^4.2.0
252 silly placeDep ROOT jsonfile@6.1.0 OK for: fs-extra@10.0.0 want: ^6.0.1
253 silly placeDep ROOT universalify@2.0.1 OK for: fs-extra@10.0.0 want: ^2.0.0
254 timing idealTree:node_modules/fs-extra Completed in 4ms
255 timing idealTree:node_modules/get-stream Completed in 0ms
256 timing idealTree:node_modules/graceful-fs Completed in 0ms
257 silly placeDep ROOT agent-base@6.0.2 OK for: https-proxy-agent@5.0.1 want: 6
258 silly placeDep ROOT debug@4.3.4 OK for: https-proxy-agent@5.0.1 want: 4
259 silly fetch manifest ms@2.1.2
260 http fetch GET 200 https://registry.npmjs.org/ms 100ms (cache miss)
261 timing idealTree:node_modules/https-proxy-agent Completed in 103ms
262 timing idealTree:node_modules/agent-base Completed in 0ms
263 silly placeDep ROOT ms@2.1.2 OK for: debug@4.3.4 want: 2.1.2
264 timing idealTree:node_modules/debug Completed in 1ms
265 timing idealTree:node_modules/human-signals Completed in 0ms
266 silly placeDep ROOT ansi-escapes@4.3.2 OK for: inquirer@8.2.5 want: ^4.2.1
267 silly placeDep ROOT cli-cursor@3.1.0 OK for: inquirer@8.2.5 want: ^3.1.0
268 silly placeDep ROOT cli-width@3.0.0 OK for: inquirer@8.2.5 want: ^3.0.0
269 silly placeDep ROOT external-editor@3.1.0 OK for: inquirer@8.2.5 want: ^3.0.3
270 silly placeDep ROOT figures@3.2.0 OK for: inquirer@8.2.5 want: ^3.0.0
271 silly placeDep ROOT mute-stream@0.0.8 OK for: inquirer@8.2.5 want: 0.0.8
272 silly placeDep ROOT run-async@2.4.1 OK for: inquirer@8.2.5 want: ^2.4.0
273 silly placeDep ROOT rxjs@7.8.1 OK for: inquirer@8.2.5 want: ^7.5.5
274 silly placeDep ROOT string-width@4.2.3 OK for: inquirer@8.2.5 want: ^4.1.0
275 silly placeDep ROOT strip-ansi@6.0.1 OK for: inquirer@8.2.5 want: ^6.0.0
276 silly placeDep ROOT through@2.3.8 OK for: inquirer@8.2.5 want: ^2.3.6
277 silly placeDep ROOT wrap-ansi@7.0.0 OK for: inquirer@8.2.5 want: ^7.0.0
278 silly fetch manifest type-fest@^0.21.3
279 silly fetch manifest restore-cursor@^3.1.0
280 silly fetch manifest chardet@^0.7.0
281 silly fetch manifest iconv-lite@^0.4.24
282 silly fetch manifest tmp@^0.0.33
283 silly fetch manifest escape-string-regexp@^1.0.5
284 silly fetch manifest tslib@^2.1.0
285 silly fetch manifest emoji-regex@^8.0.0
286 silly fetch manifest is-fullwidth-code-point@^3.0.0
287 silly fetch manifest strip-ansi@^6.0.1
288 silly fetch manifest ansi-regex@^5.0.1
289 http fetch GET 200 https://registry.npmjs.org/is-fullwidth-code-point 94ms (cache miss)
290 http fetch GET 200 https://registry.npmjs.org/tmp 98ms (cache miss)
291 http fetch GET 200 https://registry.npmjs.org/ansi-regex 100ms (cache miss)
292 http fetch GET 200 https://registry.npmjs.org/iconv-lite 114ms (cache miss)
293 http fetch GET 200 https://registry.npmjs.org/chardet 125ms (cache miss)
294 http fetch GET 200 https://registry.npmjs.org/emoji-regex 126ms (cache miss)
295 http fetch GET 200 https://registry.npmjs.org/type-fest 195ms (cache miss)
296 http fetch GET 200 https://registry.npmjs.org/restore-cursor 872ms (cache miss)
297 http fetch GET 200 https://registry.npmjs.org/escape-string-regexp 879ms (cache miss)
298 timing idealTree:node_modules/inquirer Completed in 892ms
299 silly placeDep ROOT type-fest@0.21.3 OK for: ansi-escapes@4.3.2 want: ^0.21.3
300 timing idealTree:node_modules/ansi-escapes Completed in 1ms
301 silly placeDep ROOT restore-cursor@3.1.0 OK for: cli-cursor@3.1.0 want: ^3.1.0
302 timing idealTree:node_modules/cli-cursor Completed in 1ms
303 timing idealTree:node_modules/cli-width Completed in 0ms
304 silly placeDep ROOT chardet@0.7.0 OK for: external-editor@3.1.0 want: ^0.7.0
305 silly placeDep ROOT iconv-lite@0.4.24 OK for: external-editor@3.1.0 want: ^0.4.24
306 silly placeDep ROOT tmp@0.0.33 OK for: external-editor@3.1.0 want: ^0.0.33
307 silly fetch manifest safer-buffer@>= 2.1.2 < 3
308 silly fetch manifest os-tmpdir@~1.0.2
309 http fetch GET 200 https://registry.npmjs.org/safer-buffer 110ms (cache miss)
310 http fetch GET 200 https://registry.npmjs.org/os-tmpdir 115ms (cache miss)
311 timing idealTree:node_modules/external-editor Completed in 118ms
312 timing idealTree:node_modules/chardet Completed in 0ms
313 silly placeDep ROOT escape-string-regexp@1.0.5 OK for: figures@3.2.0 want: ^1.0.5
314 timing idealTree:node_modules/figures Completed in 1ms
315 timing idealTree:node_modules/escape-string-regexp Completed in 0ms
316 silly placeDep ROOT safer-buffer@2.1.2 OK for: iconv-lite@0.4.24 want: >= 2.1.2 < 3
317 timing idealTree:node_modules/iconv-lite Completed in 0ms
318 timing idealTree:node_modules/is-stream Completed in 0ms
319 timing idealTree:node_modules/jsonfile Completed in 0ms
320 timing idealTree:node_modules/lodash Completed in 0ms
321 timing idealTree:node_modules/lru_map Completed in 0ms
322 timing idealTree:node_modules/merge-stream Completed in 0ms
323 timing idealTree:node_modules/ms Completed in 0ms
324 timing idealTree:node_modules/mute-stream Completed in 0ms
325 silly placeDep ROOT whatwg-url@5.0.0 OK for: node-fetch@2.7.0 want: ^5.0.0
326 silly fetch manifest tr46@~0.0.3
327 silly fetch manifest webidl-conversions@^3.0.0
328 http fetch GET 200 https://registry.npmjs.org/tr46 94ms (cache miss)
329 http fetch GET 200 https://registry.npmjs.org/webidl-conversions 899ms (cache miss)
330 timing idealTree:node_modules/node-fetch Completed in 901ms
331 timing idealTree:node_modules/node-machine-id Completed in 0ms
332 timing idealTree:node_modules/npm-run-path Completed in 0ms
333 silly placeDep ROOT mimic-fn@2.1.0 OK for: onetime@5.1.2 want: ^2.1.0
334 timing idealTree:node_modules/onetime Completed in 1ms
335 timing idealTree:node_modules/mimic-fn Completed in 0ms
336 silly placeDep ROOT bl@4.1.0 OK for: ora@5.4.1 want: ^4.1.0
337 silly placeDep ROOT cli-spinners@2.9.2 OK for: ora@5.4.1 want: ^2.5.0
338 silly placeDep ROOT is-interactive@1.0.0 OK for: ora@5.4.1 want: ^1.0.0
339 silly placeDep ROOT is-unicode-supported@0.1.0 OK for: ora@5.4.1 want: ^0.1.0
340 silly placeDep ROOT log-symbols@4.1.0 OK for: ora@5.4.1 want: ^4.1.0
341 silly placeDep ROOT wcwidth@1.0.1 OK for: ora@5.4.1 want: ^1.0.1
342 silly fetch manifest buffer@^5.5.0
343 silly fetch manifest inherits@^2.0.4
344 silly fetch manifest readable-stream@^3.4.0
345 silly fetch manifest defaults@^1.0.3
346 http fetch GET 200 https://registry.npmjs.org/inherits 91ms (cache miss)
347 http fetch GET 200 https://registry.npmjs.org/buffer 140ms (cache miss)
348 http fetch GET 200 https://registry.npmjs.org/readable-stream 146ms (cache miss)
349 http fetch GET 200 https://registry.npmjs.org/defaults 868ms (cache miss)
350 timing idealTree:node_modules/ora Completed in 874ms
351 silly placeDep ROOT buffer@5.7.1 OK for: bl@4.1.0 want: ^5.5.0
352 silly placeDep ROOT inherits@2.0.4 OK for: bl@4.1.0 want: ^2.0.4
353 silly placeDep ROOT readable-stream@3.6.2 OK for: bl@4.1.0 want: ^3.4.0
354 silly fetch manifest base64-js@^1.3.1
355 silly fetch manifest ieee754@^1.1.13
356 silly fetch manifest string_decoder@^1.1.1
357 silly fetch manifest util-deprecate@^1.0.1
358 http fetch GET 200 https://registry.npmjs.org/base64-js 93ms (cache miss)
359 http fetch GET 200 https://registry.npmjs.org/ieee754 99ms (cache miss)
360 http fetch GET 200 https://registry.npmjs.org/util-deprecate 99ms (cache miss)
361 http fetch GET 200 https://registry.npmjs.org/string_decoder 105ms (cache miss)
362 timing idealTree:node_modules/bl Completed in 110ms
363 silly placeDep ROOT base64-js@1.5.1 OK for: buffer@5.7.1 want: ^1.3.1
364 silly placeDep ROOT ieee754@1.2.1 OK for: buffer@5.7.1 want: ^1.1.13
365 timing idealTree:node_modules/buffer Completed in 3ms
366 timing idealTree:node_modules/base64-js Completed in 0ms
367 timing idealTree:node_modules/cli-spinners Completed in 0ms
368 timing idealTree:node_modules/ieee754 Completed in 0ms
369 timing idealTree:node_modules/inherits Completed in 0ms
370 timing idealTree:node_modules/is-interactive Completed in 0ms
371 timing idealTree:node_modules/is-unicode-supported Completed in 0ms
372 timing idealTree:node_modules/log-symbols Completed in 0ms
373 timing idealTree:node_modules/path-key Completed in 0ms
374 silly placeDep ROOT string_decoder@1.3.0 OK for: readable-stream@3.6.2 want: ^1.1.1
375 silly placeDep ROOT util-deprecate@1.0.2 OK for: readable-stream@3.6.2 want: ^1.0.1
376 silly fetch manifest safe-buffer@~5.2.0
377 http fetch GET 200 https://registry.npmjs.org/safe-buffer 91ms (cache miss)
378 timing idealTree:node_modules/readable-stream Completed in 93ms
379 timing idealTree:node_modules/restore-cursor Completed in 1ms
380 timing idealTree:node_modules/run-async Completed in 0ms
381 silly placeDep node_modules/rxjs tslib@2.6.2 OK for: rxjs@7.8.1 want: ^2.1.0
382 timing idealTree:node_modules/rxjs Completed in 1ms
383 timing idealTree:node_modules/safer-buffer Completed in 0ms
384 silly placeDep ROOT lru-cache@6.0.0 OK for: semver@7.5.4 want: ^6.0.0
385 timing idealTree:node_modules/semver Completed in 1ms
386 silly placeDep ROOT yallist@4.0.0 OK for: lru-cache@6.0.0 want: ^4.0.0
387 timing idealTree:node_modules/lru-cache Completed in 1ms
388 silly placeDep ROOT shebang-regex@3.0.0 OK for: shebang-command@2.0.0 want: ^3.0.0
389 timing idealTree:node_modules/shebang-command Completed in 1ms
390 timing idealTree:node_modules/shebang-regex Completed in 0ms
391 timing idealTree:node_modules/signal-exit Completed in 0ms
392 silly placeDep ROOT safe-buffer@5.2.1 OK for: string_decoder@1.3.0 want: ~5.2.0
393 timing idealTree:node_modules/string_decoder Completed in 1ms
394 timing idealTree:node_modules/safe-buffer Completed in 0ms
395 silly placeDep ROOT emoji-regex@8.0.0 OK for: string-width@4.2.3 want: ^8.0.0
396 silly placeDep ROOT is-fullwidth-code-point@3.0.0 OK for: string-width@4.2.3 want: ^3.0.0
397 timing idealTree:node_modules/string-width Completed in 1ms
398 timing idealTree:node_modules/emoji-regex Completed in 0ms
399 timing idealTree:node_modules/is-fullwidth-code-point Completed in 0ms
400 silly placeDep ROOT ansi-regex@5.0.1 OK for: strip-ansi@6.0.1 want: ^5.0.1
401 timing idealTree:node_modules/strip-ansi Completed in 0ms
402 timing idealTree:node_modules/ansi-regex Completed in 0ms
403 timing idealTree:node_modules/strip-final-newline Completed in 0ms
404 silly placeDep ROOT has-flag@4.0.0 OK for: supports-color@7.2.0 want: ^4.0.0
405 timing idealTree:node_modules/supports-color Completed in 1ms
406 timing idealTree:node_modules/has-flag Completed in 0ms
407 silly placeDep ROOT chownr@2.0.0 OK for: tar@6.1.13 want: ^2.0.0
408 silly placeDep ROOT fs-minipass@2.1.0 OK for: tar@6.1.13 want: ^2.0.0
409 silly placeDep ROOT minipass@4.2.8 OK for: tar@6.1.13 want: ^4.0.0
410 silly placeDep ROOT minizlib@2.1.2 OK for: tar@6.1.13 want: ^2.1.1
411 silly placeDep ROOT mkdirp@1.0.4 OK for: tar@6.1.13 want: ^1.0.3
412 silly fetch manifest minipass@^3.0.0
413 timing idealTree:node_modules/tar Completed in 4ms
414 timing idealTree:node_modules/chownr Completed in 0ms
415 silly placeDep node_modules/fs-minipass minipass@3.3.6 OK for: fs-minipass@2.1.0 want: ^3.0.0
416 timing idealTree:node_modules/fs-minipass Completed in 1ms
417 timing idealTree:node_modules/minipass Completed in 0ms
418 silly placeDep node_modules/minizlib minipass@3.3.6 OK for: minizlib@2.1.2 want: ^3.0.0
419 timing idealTree:node_modules/minizlib Completed in 1ms
420 timing idealTree:node_modules/mkdirp Completed in 0ms
421 timing idealTree:node_modules/through Completed in 0ms
422 silly placeDep ROOT os-tmpdir@1.0.2 OK for: tmp@0.0.33 want: ~1.0.2
423 timing idealTree:node_modules/tmp Completed in 0ms
424 timing idealTree:node_modules/os-tmpdir Completed in 0ms
425 timing idealTree:node_modules/tslib Completed in 0ms
426 timing idealTree:node_modules/type-fest Completed in 0ms
427 timing idealTree:node_modules/universalify Completed in 0ms
428 timing idealTree:node_modules/util-deprecate Completed in 0ms
429 silly placeDep ROOT defaults@1.0.4 OK for: wcwidth@1.0.1 want: ^1.0.3
430 silly fetch manifest clone@^1.0.2
431 http fetch GET 200 https://registry.npmjs.org/clone 90ms (cache miss)
432 timing idealTree:node_modules/wcwidth Completed in 91ms
433 silly placeDep ROOT clone@1.0.4 OK for: defaults@1.0.4 want: ^1.0.2
434 timing idealTree:node_modules/defaults Completed in 1ms
435 timing idealTree:node_modules/clone Completed in 0ms
436 silly placeDep ROOT tr46@0.0.3 OK for: whatwg-url@5.0.0 want: ~0.0.3
437 silly placeDep ROOT webidl-conversions@3.0.1 OK for: whatwg-url@5.0.0 want: ^3.0.0
438 timing idealTree:node_modules/whatwg-url Completed in 2ms
439 timing idealTree:node_modules/tr46 Completed in 0ms
440 timing idealTree:node_modules/webidl-conversions Completed in 0ms
441 silly placeDep ROOT isexe@2.0.0 OK for: which@2.0.2 want: ^2.0.0
442 timing idealTree:node_modules/which Completed in 0ms
443 timing idealTree:node_modules/isexe Completed in 0ms
444 timing idealTree:node_modules/wrap-ansi Completed in 0ms
445 timing idealTree:node_modules/yallist Completed in 0ms
446 timing idealTree:node_modules/fs-minipass/node_modules/minipass Completed in 0ms
447 timing idealTree:node_modules/minizlib/node_modules/minipass Completed in 0ms
448 timing idealTree:node_modules/rxjs/node_modules/tslib Completed in 0ms
449 timing idealTree:buildDeps Completed in 12182ms
450 timing idealTree:fixDepFlags Completed in 0ms
451 timing idealTree Completed in 12188ms
452 timing reify:loadTrees Completed in 12188ms
453 timing reify:diffTrees Completed in 1ms
454 silly reify moves {}
455 timing reify:retireShallow Completed in 1ms
456 timing reify:createSparse Completed in 29ms
457 timing reify:loadBundles Completed in 0ms
458 silly audit bulk request {
458 silly audit   'create-strapi-app': [ '4.20.1' ],
458 silly audit   '@strapi/generate-new': [ '4.20.1' ],
458 silly audit   commander: [ '8.3.0' ],
458 silly audit   inquirer: [ '8.2.5' ],
458 silly audit   '@sentry/node': [ '6.19.7' ],
458 silly audit   chalk: [ '4.1.2' ],
458 silly audit   execa: [ '5.1.1' ],
458 silly audit   'fs-extra': [ '10.0.0' ],
458 silly audit   lodash: [ '4.17.21' ],
458 silly audit   'node-fetch': [ '2.7.0' ],
458 silly audit   'node-machine-id': [ '1.1.12' ],
458 silly audit   ora: [ '5.4.1' ],
458 silly audit   semver: [ '7.5.4' ],
458 silly audit   tar: [ '6.1.13' ],
458 silly audit   '@sentry/core': [ '6.19.7' ],
458 silly audit   '@sentry/hub': [ '6.19.7' ],
458 silly audit   '@sentry/types': [ '6.19.7' ],
458 silly audit   '@sentry/utils': [ '6.19.7' ],
458 silly audit   cookie: [ '0.4.2' ],
458 silly audit   'https-proxy-agent': [ '5.0.1' ],
458 silly audit   lru_map: [ '0.3.3' ],
458 silly audit   tslib: [ '1.14.1', '2.6.2' ],
458 silly audit   '@sentry/minimal': [ '6.19.7' ],
458 silly audit   'ansi-styles': [ '4.3.0' ],
458 silly audit   'supports-color': [ '7.2.0' ],
458 silly audit   'color-convert': [ '2.0.1' ],
458 silly audit   'color-name': [ '1.1.4' ],
458 silly audit   'cross-spawn': [ '7.0.3' ],
458 silly audit   'get-stream': [ '6.0.1' ],
458 silly audit   'human-signals': [ '2.1.0' ],
458 silly audit   'is-stream': [ '2.0.1' ],
458 silly audit   'merge-stream': [ '2.0.0' ],
458 silly audit   'npm-run-path': [ '4.0.1' ],
458 silly audit   onetime: [ '5.1.2' ],
458 silly audit   'signal-exit': [ '3.0.7' ],
458 silly audit   'strip-final-newline': [ '2.0.0' ],
458 silly audit   'path-key': [ '3.1.1' ],
458 silly audit   'shebang-command': [ '2.0.0' ],
458 silly audit   which: [ '2.0.2' ],
458 silly audit   'graceful-fs': [ '4.2.11' ],
458 silly audit   jsonfile: [ '6.1.0' ],
458 silly audit   universalify: [ '2.0.1' ],
458 silly audit   'agent-base': [ '6.0.2' ],
458 silly audit   debug: [ '4.3.4' ],
458 silly audit   ms: [ '2.1.2' ],
458 silly audit   'ansi-escapes': [ '4.3.2' ],
458 silly audit   'cli-cursor': [ '3.1.0' ],
458 silly audit   'cli-width': [ '3.0.0' ],
458 silly audit   'external-editor': [ '3.1.0' ],
458 silly audit   figures: [ '3.2.0' ],
458 silly audit   'mute-stream': [ '0.0.8' ],
458 silly audit   'run-async': [ '2.4.1' ],
458 silly audit   rxjs: [ '7.8.1' ],
458 silly audit   'string-width': [ '4.2.3' ],
458 silly audit   'strip-ansi': [ '6.0.1' ],
458 silly audit   through: [ '2.3.8' ],
458 silly audit   'wrap-ansi': [ '7.0.0' ],
458 silly audit   'type-fest': [ '0.21.3' ],
458 silly audit   'restore-cursor': [ '3.1.0' ],
458 silly audit   chardet: [ '0.7.0' ],
458 silly audit   'iconv-lite': [ '0.4.24' ],
458 silly audit   tmp: [ '0.0.33' ],
458 silly audit   'escape-string-regexp': [ '1.0.5' ],
458 silly audit   'safer-buffer': [ '2.1.2' ],
458 silly audit   'whatwg-url': [ '5.0.0' ],
458 silly audit   'mimic-fn': [ '2.1.0' ],
458 silly audit   bl: [ '4.1.0' ],
458 silly audit   'cli-spinners': [ '2.9.2' ],
458 silly audit   'is-interactive': [ '1.0.0' ],
458 silly audit   'is-unicode-supported': [ '0.1.0' ],
458 silly audit   'log-symbols': [ '4.1.0' ],
458 silly audit   wcwidth: [ '1.0.1' ],
458 silly audit   buffer: [ '5.7.1' ],
458 silly audit   inherits: [ '2.0.4' ],
458 silly audit   'readable-stream': [ '3.6.2' ],
458 silly audit   'base64-js': [ '1.5.1' ],
458 silly audit   ieee754: [ '1.2.1' ],
458 silly audit   string_decoder: [ '1.3.0' ],
458 silly audit   'util-deprecate': [ '1.0.2' ],
458 silly audit   'lru-cache': [ '6.0.0' ],
458 silly audit   yallist: [ '4.0.0' ],
458 silly audit   'shebang-regex': [ '3.0.0' ],
458 silly audit   'safe-buffer': [ '5.2.1' ],
458 silly audit   'emoji-regex': [ '8.0.0' ],
458 silly audit   'is-fullwidth-code-point': [ '3.0.0' ],
458 silly audit   'ansi-regex': [ '5.0.1' ],
458 silly audit   'has-flag': [ '4.0.0' ],
458 silly audit   chownr: [ '2.0.0' ],
458 silly audit   'fs-minipass': [ '2.1.0' ],
458 silly audit   minipass: [ '4.2.8', '3.3.6' ],
458 silly audit   minizlib: [ '2.1.2' ],
458 silly audit   mkdirp: [ '1.0.4' ],
458 silly audit   'os-tmpdir': [ '1.0.2' ],
458 silly audit   defaults: [ '1.0.4' ],
458 silly audit   clone: [ '1.0.4' ],
458 silly audit   tr46: [ '0.0.3' ],
458 silly audit   'webidl-conversions': [ '3.0.1' ],
458 silly audit   isexe: [ '2.0.0' ]
458 silly audit }
459 silly tarball no local data for isexe@https://registry.npmjs.org/isexe/-/isexe-2.0.0.tgz. Extracting by manifest.
460 silly tarball no local data for mkdirp@https://registry.npmjs.org/mkdirp/-/mkdirp-1.0.4.tgz. Extracting by manifest.
461 silly tarball no local data for clone@https://registry.npmjs.org/clone/-/clone-1.0.4.tgz. Extracting by manifest.
462 silly tarball no local data for webidl-conversions@https://registry.npmjs.org/webidl-conversions/-/webidl-conversions-3.0.1.tgz. Extracting by manifest.
463 silly tarball no local data for defaults@https://registry.npmjs.org/defaults/-/defaults-1.0.4.tgz. Extracting by manifest.
464 silly tarball no local data for minipass@https://registry.npmjs.org/minipass/-/minipass-4.2.8.tgz. Extracting by manifest.
465 silly tarball no local data for chownr@https://registry.npmjs.org/chownr/-/chownr-2.0.0.tgz. Extracting by manifest.
466 silly tarball no local data for fs-minipass@https://registry.npmjs.org/fs-minipass/-/fs-minipass-2.1.0.tgz. Extracting by manifest.
467 silly tarball no local data for tr46@https://registry.npmjs.org/tr46/-/tr46-0.0.3.tgz. Extracting by manifest.
468 silly tarball no local data for minizlib@https://registry.npmjs.org/minizlib/-/minizlib-2.1.2.tgz. Extracting by manifest.
469 silly tarball no local data for ansi-regex@https://registry.npmjs.org/ansi-regex/-/ansi-regex-5.0.1.tgz. Extracting by manifest.
470 silly tarball no local data for is-fullwidth-code-point@https://registry.npmjs.org/is-fullwidth-code-point/-/is-fullwidth-code-point-3.0.0.tgz. Extracting by manifest.
471 silly tarball no local data for yallist@https://registry.npmjs.org/yallist/-/yallist-4.0.0.tgz. Extracting by manifest.
472 silly tarball no local data for os-tmpdir@https://registry.npmjs.org/os-tmpdir/-/os-tmpdir-1.0.2.tgz. Extracting by manifest.
473 silly tarball no local data for emoji-regex@https://registry.npmjs.org/emoji-regex/-/emoji-regex-8.0.0.tgz. Extracting by manifest.
474 silly tarball no local data for lru-cache@https://registry.npmjs.org/lru-cache/-/lru-cache-6.0.0.tgz. Extracting by manifest.
475 silly tarball no local data for shebang-regex@https://registry.npmjs.org/shebang-regex/-/shebang-regex-3.0.0.tgz. Extracting by manifest.
476 silly tarball no local data for safe-buffer@https://registry.npmjs.org/safe-buffer/-/safe-buffer-5.2.1.tgz. Extracting by manifest.
477 silly tarball no local data for string_decoder@https://registry.npmjs.org/string_decoder/-/string_decoder-1.3.0.tgz. Extracting by manifest.
478 silly tarball no local data for util-deprecate@https://registry.npmjs.org/util-deprecate/-/util-deprecate-1.0.2.tgz. Extracting by manifest.
479 silly tarball no local data for inherits@https://registry.npmjs.org/inherits/-/inherits-2.0.4.tgz. Extracting by manifest.
480 silly tarball no local data for ieee754@https://registry.npmjs.org/ieee754/-/ieee754-1.2.1.tgz. Extracting by manifest.
481 silly tarball no local data for base64-js@https://registry.npmjs.org/base64-js/-/base64-js-1.5.1.tgz. Extracting by manifest.
482 silly tarball no local data for log-symbols@https://registry.npmjs.org/log-symbols/-/log-symbols-4.1.0.tgz. Extracting by manifest.
483 silly tarball no local data for wcwidth@https://registry.npmjs.org/wcwidth/-/wcwidth-1.0.1.tgz. Extracting by manifest.
484 silly tarball no local data for buffer@https://registry.npmjs.org/buffer/-/buffer-5.7.1.tgz. Extracting by manifest.
485 silly tarball no local data for readable-stream@https://registry.npmjs.org/readable-stream/-/readable-stream-3.6.2.tgz. Extracting by manifest.
486 silly tarball no local data for is-unicode-supported@https://registry.npmjs.org/is-unicode-supported/-/is-unicode-supported-0.1.0.tgz. Extracting by manifest.
487 silly tarball no local data for is-interactive@https://registry.npmjs.org/is-interactive/-/is-interactive-1.0.0.tgz. Extracting by manifest.
488 silly tarball no local data for cli-spinners@https://registry.npmjs.org/cli-spinners/-/cli-spinners-2.9.2.tgz. Extracting by manifest.
489 silly tarball no local data for whatwg-url@https://registry.npmjs.org/whatwg-url/-/whatwg-url-5.0.0.tgz. Extracting by manifest.
490 silly tarball no local data for bl@https://registry.npmjs.org/bl/-/bl-4.1.0.tgz. Extracting by manifest.
491 silly tarball no local data for escape-string-regexp@https://registry.npmjs.org/escape-string-regexp/-/escape-string-regexp-1.0.5.tgz. Extracting by manifest.
492 silly tarball no local data for mimic-fn@https://registry.npmjs.org/mimic-fn/-/mimic-fn-2.1.0.tgz. Extracting by manifest.
493 silly tarball no local data for tmp@https://registry.npmjs.org/tmp/-/tmp-0.0.33.tgz. Extracting by manifest.
494 silly tarball no local data for safer-buffer@https://registry.npmjs.org/safer-buffer/-/safer-buffer-2.1.2.tgz. Extracting by manifest.
495 silly tarball no local data for through@https://registry.npmjs.org/through/-/through-2.3.8.tgz. Extracting by manifest.
496 silly tarball no local data for restore-cursor@https://registry.npmjs.org/restore-cursor/-/restore-cursor-3.1.0.tgz. Extracting by manifest.
497 silly tarball no local data for has-flag@https://registry.npmjs.org/has-flag/-/has-flag-4.0.0.tgz. Extracting by manifest.
498 silly tarball no local data for iconv-lite@https://registry.npmjs.org/iconv-lite/-/iconv-lite-0.4.24.tgz. Extracting by manifest.
499 silly tarball no local data for type-fest@https://registry.npmjs.org/type-fest/-/type-fest-0.21.3.tgz. Extracting by manifest.
500 silly tarball no local data for rxjs@https://registry.npmjs.org/rxjs/-/rxjs-7.8.1.tgz. Extracting by manifest.
501 silly tarball no local data for mute-stream@https://registry.npmjs.org/mute-stream/-/mute-stream-0.0.8.tgz. Extracting by manifest.
502 silly tarball no local data for wrap-ansi@https://registry.npmjs.org/wrap-ansi/-/wrap-ansi-7.0.0.tgz. Extracting by manifest.
503 silly tarball no local data for strip-ansi@https://registry.npmjs.org/strip-ansi/-/strip-ansi-6.0.1.tgz. Extracting by manifest.
504 silly tarball no local data for run-async@https://registry.npmjs.org/run-async/-/run-async-2.4.1.tgz. Extracting by manifest.
505 silly tarball no local data for external-editor@https://registry.npmjs.org/external-editor/-/external-editor-3.1.0.tgz. Extracting by manifest.
506 silly tarball no local data for figures@https://registry.npmjs.org/figures/-/figures-3.2.0.tgz. Extracting by manifest.
507 silly tarball no local data for cli-width@https://registry.npmjs.org/cli-width/-/cli-width-3.0.0.tgz. Extracting by manifest.
508 silly tarball no local data for string-width@https://registry.npmjs.org/string-width/-/string-width-4.2.3.tgz. Extracting by manifest.
509 silly tarball no local data for ansi-escapes@https://registry.npmjs.org/ansi-escapes/-/ansi-escapes-4.3.2.tgz. Extracting by manifest.
510 silly tarball no local data for ms@https://registry.npmjs.org/ms/-/ms-2.1.2.tgz. Extracting by manifest.
511 silly tarball no local data for agent-base@https://registry.npmjs.org/agent-base/-/agent-base-6.0.2.tgz. Extracting by manifest.
512 silly tarball no local data for cli-cursor@https://registry.npmjs.org/cli-cursor/-/cli-cursor-3.1.0.tgz. Extracting by manifest.
513 silly tarball no local data for jsonfile@https://registry.npmjs.org/jsonfile/-/jsonfile-6.1.0.tgz. Extracting by manifest.
514 silly tarball no local data for which@https://registry.npmjs.org/which/-/which-2.0.2.tgz. Extracting by manifest.
515 silly tarball no local data for universalify@https://registry.npmjs.org/universalify/-/universalify-2.0.1.tgz. Extracting by manifest.
516 silly tarball no local data for graceful-fs@https://registry.npmjs.org/graceful-fs/-/graceful-fs-4.2.11.tgz. Extracting by manifest.
517 silly tarball no local data for shebang-command@https://registry.npmjs.org/shebang-command/-/shebang-command-2.0.0.tgz. Extracting by manifest.
518 silly tarball no local data for path-key@https://registry.npmjs.org/path-key/-/path-key-3.1.1.tgz. Extracting by manifest.
519 silly tarball no local data for strip-final-newline@https://registry.npmjs.org/strip-final-newline/-/strip-final-newline-2.0.0.tgz. Extracting by manifest.
520 silly tarball no local data for onetime@https://registry.npmjs.org/onetime/-/onetime-5.1.2.tgz. Extracting by manifest.
521 silly tarball no local data for merge-stream@https://registry.npmjs.org/merge-stream/-/merge-stream-2.0.0.tgz. Extracting by manifest.
522 silly tarball no local data for chardet@https://registry.npmjs.org/chardet/-/chardet-0.7.0.tgz. Extracting by manifest.
523 silly tarball no local data for npm-run-path@https://registry.npmjs.org/npm-run-path/-/npm-run-path-4.0.1.tgz. Extracting by manifest.
524 silly tarball no local data for is-stream@https://registry.npmjs.org/is-stream/-/is-stream-2.0.1.tgz. Extracting by manifest.
525 silly tarball no local data for human-signals@https://registry.npmjs.org/human-signals/-/human-signals-2.1.0.tgz. Extracting by manifest.
526 silly tarball no local data for cross-spawn@https://registry.npmjs.org/cross-spawn/-/cross-spawn-7.0.3.tgz. Extracting by manifest.
527 silly tarball no local data for @sentry/minimal@https://registry.npmjs.org/@sentry/minimal/-/minimal-6.19.7.tgz. Extracting by manifest.
528 silly tarball no local data for get-stream@https://registry.npmjs.org/get-stream/-/get-stream-6.0.1.tgz. Extracting by manifest.
529 silly tarball no local data for color-convert@https://registry.npmjs.org/color-convert/-/color-convert-2.0.1.tgz. Extracting by manifest.
530 silly tarball no local data for color-name@https://registry.npmjs.org/color-name/-/color-name-1.1.4.tgz. Extracting by manifest.
531 silly tarball no local data for ansi-styles@https://registry.npmjs.org/ansi-styles/-/ansi-styles-4.3.0.tgz. Extracting by manifest.
532 silly tarball no local data for supports-color@https://registry.npmjs.org/supports-color/-/supports-color-7.2.0.tgz. Extracting by manifest.
533 silly tarball no local data for tslib@https://registry.npmjs.org/tslib/-/tslib-1.14.1.tgz. Extracting by manifest.
534 silly tarball no local data for debug@https://registry.npmjs.org/debug/-/debug-4.3.4.tgz. Extracting by manifest.
535 silly tarball no local data for @sentry/utils@https://registry.npmjs.org/@sentry/utils/-/utils-6.19.7.tgz. Extracting by manifest.
536 silly tarball no local data for lru_map@https://registry.npmjs.org/lru_map/-/lru_map-0.3.3.tgz. Extracting by manifest.
537 silly tarball no local data for @sentry/hub@https://registry.npmjs.org/@sentry/hub/-/hub-6.19.7.tgz. Extracting by manifest.
538 silly tarball no local data for @sentry/core@https://registry.npmjs.org/@sentry/core/-/core-6.19.7.tgz. Extracting by manifest.
539 silly tarball no local data for @sentry/types@https://registry.npmjs.org/@sentry/types/-/types-6.19.7.tgz. Extracting by manifest.
540 silly tarball no local data for https-proxy-agent@https://registry.npmjs.org/https-proxy-agent/-/https-proxy-agent-5.0.1.tgz. Extracting by manifest.
541 silly tarball no local data for semver@https://registry.npmjs.org/semver/-/semver-7.5.4.tgz. Extracting by manifest.
542 silly tarball no local data for ora@https://registry.npmjs.org/ora/-/ora-5.4.1.tgz. Extracting by manifest.
543 silly tarball no local data for cookie@https://registry.npmjs.org/cookie/-/cookie-0.4.2.tgz. Extracting by manifest.
544 silly tarball no local data for tar@https://registry.npmjs.org/tar/-/tar-6.1.13.tgz. Extracting by manifest.
545 silly tarball no local data for node-fetch@https://registry.npmjs.org/node-fetch/-/node-fetch-2.7.0.tgz. Extracting by manifest.
546 silly tarball no local data for lodash@https://registry.npmjs.org/lodash/-/lodash-4.17.21.tgz. Extracting by manifest.
547 silly tarball no local data for @sentry/node@https://registry.npmjs.org/@sentry/node/-/node-6.19.7.tgz. Extracting by manifest.
548 silly tarball no local data for node-machine-id@https://registry.npmjs.org/node-machine-id/-/node-machine-id-1.1.12.tgz. Extracting by manifest.
549 silly tarball no local data for execa@https://registry.npmjs.org/execa/-/execa-5.1.1.tgz. Extracting by manifest.
550 silly tarball no local data for chalk@https://registry.npmjs.org/chalk/-/chalk-4.1.2.tgz. Extracting by manifest.
551 silly tarball no local data for signal-exit@https://registry.npmjs.org/signal-exit/-/signal-exit-3.0.7.tgz. Extracting by manifest.
552 silly tarball no local data for inquirer@https://registry.npmjs.org/inquirer/-/inquirer-8.2.5.tgz. Extracting by manifest.
553 silly tarball no local data for create-strapi-app@https://registry.npmjs.org/create-strapi-app/-/create-strapi-app-4.20.1.tgz. Extracting by manifest.
554 silly tarball no local data for commander@https://registry.npmjs.org/commander/-/commander-8.3.0.tgz. Extracting by manifest.
555 silly tarball no local data for fs-extra@https://registry.npmjs.org/fs-extra/-/fs-extra-10.0.0.tgz. Extracting by manifest.
556 silly tarball no local data for tslib@https://registry.npmjs.org/tslib/-/tslib-2.6.2.tgz. Extracting by manifest.
557 silly tarball no local data for @strapi/generate-new@https://registry.npmjs.org/@strapi/generate-new/-/generate-new-4.20.1.tgz. Extracting by manifest.
558 silly tarball no local data for minipass@https://registry.npmjs.org/minipass/-/minipass-3.3.6.tgz. Extracting by manifest.
559 silly tarball no local data for minipass@https://registry.npmjs.org/minipass/-/minipass-3.3.6.tgz. Extracting by manifest.
560 http fetch GET 200 https://registry.npmjs.org/defaults/-/defaults-1.0.4.tgz 235ms (cache miss)
561 http fetch GET 200 https://registry.npmjs.org/isexe/-/isexe-2.0.0.tgz 239ms (cache miss)
562 http fetch GET 200 https://registry.npmjs.org/fs-minipass/-/fs-minipass-2.1.0.tgz 234ms (cache miss)
563 http fetch GET 200 https://registry.npmjs.org/minizlib/-/minizlib-2.1.2.tgz 233ms (cache miss)
564 timing reifyNode:node_modules/fs-minipass Completed in 269ms
565 http fetch GET 200 https://registry.npmjs.org/webidl-conversions/-/webidl-conversions-3.0.1.tgz 238ms (cache miss)
566 http fetch GET 200 https://registry.npmjs.org/mkdirp/-/mkdirp-1.0.4.tgz 239ms (cache miss)
567 http fetch GET 200 https://registry.npmjs.org/clone/-/clone-1.0.4.tgz 238ms (cache miss)
568 http fetch GET 200 https://registry.npmjs.org/chownr/-/chownr-2.0.0.tgz 246ms (cache miss)
569 timing reifyNode:node_modules/chownr Completed in 280ms
570 timing reifyNode:node_modules/defaults Completed in 284ms
571 timing reifyNode:node_modules/webidl-conversions Completed in 285ms
572 timing reifyNode:node_modules/minizlib Completed in 285ms
573 http fetch POST 200 https://registry.npmjs.org/-/npm/v1/security/advisories/bulk 291ms
574 timing auditReport:getReport Completed in 294ms
575 silly audit report {}
576 timing auditReport:init Completed in 0ms
577 timing reify:audit Completed in 295ms
578 timing reifyNode:node_modules/clone Completed in 298ms
579 http fetch GET 200 https://registry.npmjs.org/minipass/-/minipass-4.2.8.tgz 266ms (cache miss)
580 timing reifyNode:node_modules/minipass Completed in 356ms
581 timing reifyNode:node_modules/isexe Completed in 451ms
582 http fetch GET 200 https://registry.npmjs.org/tr46/-/tr46-0.0.3.tgz 444ms (cache miss)
583 timing reifyNode:node_modules/tr46 Completed in 486ms
584 http fetch GET 200 https://registry.npmjs.org/is-fullwidth-code-point/-/is-fullwidth-code-point-3.0.0.tgz 465ms (cache miss)
585 http fetch GET 200 https://registry.npmjs.org/os-tmpdir/-/os-tmpdir-1.0.2.tgz 471ms (cache miss)
586 timing reifyNode:node_modules/os-tmpdir Completed in 509ms
587 http fetch GET 200 https://registry.npmjs.org/is-unicode-supported/-/is-unicode-supported-0.1.0.tgz 463ms (cache miss)
588 timing reifyNode:node_modules/mkdirp Completed in 511ms
589 http fetch GET 200 https://registry.npmjs.org/ansi-regex/-/ansi-regex-5.0.1.tgz 478ms (cache miss)
590 http fetch GET 200 https://registry.npmjs.org/yallist/-/yallist-4.0.0.tgz 480ms (cache miss)
591 http fetch GET 200 https://registry.npmjs.org/shebang-regex/-/shebang-regex-3.0.0.tgz 478ms (cache miss)
592 http fetch GET 200 https://registry.npmjs.org/string_decoder/-/string_decoder-1.3.0.tgz 478ms (cache miss)
593 timing reifyNode:node_modules/string_decoder Completed in 517ms
594 timing reifyNode:node_modules/is-fullwidth-code-point Completed in 518ms
595 http fetch GET 200 https://registry.npmjs.org/escape-string-regexp/-/escape-string-regexp-1.0.5.tgz 469ms (cache miss)
596 timing reifyNode:node_modules/escape-string-regexp Completed in 517ms
597 timing reifyNode:node_modules/yallist Completed in 518ms
598 timing reifyNode:node_modules/shebang-regex Completed in 519ms
599 http fetch GET 200 https://registry.npmjs.org/ieee754/-/ieee754-1.2.1.tgz 481ms (cache miss)
600 timing reifyNode:node_modules/ieee754 Completed in 522ms
601 http fetch GET 200 https://registry.npmjs.org/inherits/-/inherits-2.0.4.tgz 482ms (cache miss)
602 http fetch GET 200 https://registry.npmjs.org/base64-js/-/base64-js-1.5.1.tgz 481ms (cache miss)
603 timing reifyNode:node_modules/is-unicode-supported Completed in 522ms
604 http fetch GET 200 https://registry.npmjs.org/is-interactive/-/is-interactive-1.0.0.tgz 476ms (cache miss)
605 timing reifyNode:node_modules/ansi-regex Completed in 524ms
606 timing reifyNode:node_modules/inherits Completed in 524ms
607 http fetch GET 200 https://registry.npmjs.org/ansi-escapes/-/ansi-escapes-4.3.2.tgz 471ms (cache miss)
608 http fetch GET 200 https://registry.npmjs.org/wrap-ansi/-/wrap-ansi-7.0.0.tgz 474ms (cache miss)
609 timing reifyNode:node_modules/wrap-ansi Completed in 527ms
610 http fetch GET 200 https://registry.npmjs.org/log-symbols/-/log-symbols-4.1.0.tgz 488ms (cache miss)
611 timing reifyNode:node_modules/is-interactive Completed in 528ms
612 http fetch GET 200 https://registry.npmjs.org/util-deprecate/-/util-deprecate-1.0.2.tgz 492ms (cache miss)
613 timing reifyNode:node_modules/base64-js Completed in 532ms
614 timing reifyNode:node_modules/ansi-escapes Completed in 532ms
615 timing reifyNode:node_modules/log-symbols Completed in 535ms
616 http fetch GET 200 https://registry.npmjs.org/mute-stream/-/mute-stream-0.0.8.tgz 484ms (cache miss)
617 timing reifyNode:node_modules/mute-stream Completed in 536ms
618 timing reifyNode:node_modules/util-deprecate Completed in 537ms
619 http fetch GET 200 https://registry.npmjs.org/lru-cache/-/lru-cache-6.0.0.tgz 507ms (cache miss)
620 timing reifyNode:node_modules/lru-cache Completed in 545ms
621 http fetch GET 200 https://registry.npmjs.org/cli-spinners/-/cli-spinners-2.9.2.tgz 500ms (cache miss)
622 timing reifyNode:node_modules/cli-spinners Completed in 547ms
623 http fetch GET 200 https://registry.npmjs.org/strip-ansi/-/strip-ansi-6.0.1.tgz 503ms (cache miss)
624 http fetch GET 200 https://registry.npmjs.org/wcwidth/-/wcwidth-1.0.1.tgz 523ms (cache miss)
625 http fetch GET 200 https://registry.npmjs.org/safe-buffer/-/safe-buffer-5.2.1.tgz 529ms (cache miss)
626 timing reifyNode:node_modules/safe-buffer Completed in 567ms
627 timing reifyNode:node_modules/strip-ansi Completed in 569ms
628 http fetch GET 200 https://registry.npmjs.org/tmp/-/tmp-0.0.33.tgz 520ms (cache miss)
629 timing reifyNode:node_modules/tmp Completed in 569ms
630 http fetch GET 200 https://registry.npmjs.org/ms/-/ms-2.1.2.tgz 515ms (cache miss)
631 timing reifyNode:node_modules/ms Completed in 571ms
632 timing reifyNode:node_modules/wcwidth Completed in 572ms
633 http fetch GET 200 https://registry.npmjs.org/emoji-regex/-/emoji-regex-8.0.0.tgz 543ms (cache miss)
634 timing reifyNode:node_modules/emoji-regex Completed in 580ms
635 http fetch GET 200 https://registry.npmjs.org/run-async/-/run-async-2.4.1.tgz 534ms (cache miss)
636 timing reifyNode:node_modules/run-async Completed in 587ms
637 http fetch GET 200 https://registry.npmjs.org/string-width/-/string-width-4.2.3.tgz 532ms (cache miss)
638 http fetch GET 200 https://registry.npmjs.org/cli-cursor/-/cli-cursor-3.1.0.tgz 537ms (cache miss)
639 timing reifyNode:node_modules/string-width Completed in 597ms
640 timing reifyNode:node_modules/cli-cursor Completed in 599ms
641 http fetch GET 200 https://registry.npmjs.org/mimic-fn/-/mimic-fn-2.1.0.tgz 550ms (cache miss)
642 http fetch GET 200 https://registry.npmjs.org/restore-cursor/-/restore-cursor-3.1.0.tgz 552ms (cache miss)
643 timing reifyNode:node_modules/mimic-fn Completed in 608ms
644 timing reifyNode:node_modules/restore-cursor Completed in 611ms
645 http fetch GET 200 https://registry.npmjs.org/buffer/-/buffer-5.7.1.tgz 572ms (cache miss)
646 timing reifyNode:node_modules/buffer Completed in 614ms
647 http fetch GET 200 https://registry.npmjs.org/whatwg-url/-/whatwg-url-5.0.0.tgz 571ms (cache miss)
648 timing reifyNode:node_modules/whatwg-url Completed in 618ms
649 http fetch GET 200 https://registry.npmjs.org/has-flag/-/has-flag-4.0.0.tgz 574ms (cache miss)
650 http fetch GET 200 https://registry.npmjs.org/path-key/-/path-key-3.1.1.tgz 563ms (cache miss)
651 http fetch GET 200 https://registry.npmjs.org/figures/-/figures-3.2.0.tgz 572ms (cache miss)
652 timing reifyNode:node_modules/path-key Completed in 629ms
653 http fetch GET 200 https://registry.npmjs.org/merge-stream/-/merge-stream-2.0.0.tgz 567ms (cache miss)
654 timing reifyNode:node_modules/merge-stream Completed in 631ms
655 timing reifyNode:node_modules/has-flag Completed in 634ms
656 timing reifyNode:node_modules/figures Completed in 634ms
657 http fetch GET 200 https://registry.npmjs.org/supports-color/-/supports-color-7.2.0.tgz 569ms (cache miss)
658 http fetch GET 200 https://registry.npmjs.org/strip-final-newline/-/strip-final-newline-2.0.0.tgz 579ms (cache miss)
659 timing reifyNode:node_modules/strip-final-newline Completed in 643ms
660 http fetch GET 200 https://registry.npmjs.org/is-stream/-/is-stream-2.0.1.tgz 587ms (cache miss)
661 timing reifyNode:node_modules/supports-color Completed in 652ms
662 timing reifyNode:node_modules/is-stream Completed in 671ms
663 http fetch GET 200 https://registry.npmjs.org/safer-buffer/-/safer-buffer-2.1.2.tgz 631ms (cache miss)
664 timing reifyNode:node_modules/safer-buffer Completed in 681ms
665 http fetch GET 200 https://registry.npmjs.org/npm-run-path/-/npm-run-path-4.0.1.tgz 617ms (cache miss)
666 http fetch GET 200 https://registry.npmjs.org/external-editor/-/external-editor-3.1.0.tgz 629ms (cache miss)
667 http fetch GET 200 https://registry.npmjs.org/through/-/through-2.3.8.tgz 637ms (cache miss)
668 timing reifyNode:node_modules/external-editor Completed in 688ms
669 timing reifyNode:node_modules/npm-run-path Completed in 690ms
670 http fetch GET 200 https://registry.npmjs.org/ansi-styles/-/ansi-styles-4.3.0.tgz 622ms (cache miss)
671 timing reifyNode:node_modules/ansi-styles Completed in 689ms
672 http fetch GET 200 https://registry.npmjs.org/color-convert/-/color-convert-2.0.1.tgz 624ms (cache miss)
673 timing reifyNode:node_modules/color-convert Completed in 690ms
674 http fetch GET 200 https://registry.npmjs.org/jsonfile/-/jsonfile-6.1.0.tgz 635ms (cache miss)
675 timing reifyNode:node_modules/jsonfile Completed in 693ms
676 timing reifyNode:node_modules/through Completed in 694ms
677 http fetch GET 200 https://registry.npmjs.org/cli-width/-/cli-width-3.0.0.tgz 640ms (cache miss)
678 http fetch GET 200 https://registry.npmjs.org/ora/-/ora-5.4.1.tgz 625ms (cache miss)
679 timing reifyNode:node_modules/ora Completed in 698ms
680 http fetch GET 200 https://registry.npmjs.org/bl/-/bl-4.1.0.tgz 651ms (cache miss)
681 timing reifyNode:node_modules/bl Completed in 699ms
682 timing reifyNode:node_modules/cli-width Completed in 701ms
683 http fetch GET 200 https://registry.npmjs.org/shebang-command/-/shebang-command-2.0.0.tgz 639ms (cache miss)
684 timing reifyNode:node_modules/shebang-command Completed in 702ms
685 http fetch GET 200 https://registry.npmjs.org/color-name/-/color-name-1.1.4.tgz 635ms (cache miss)
686 timing reifyNode:node_modules/color-name Completed in 705ms
687 http fetch GET 200 https://registry.npmjs.org/universalify/-/universalify-2.0.1.tgz 645ms (cache miss)
688 timing reifyNode:node_modules/universalify Completed in 708ms
689 http fetch GET 200 https://registry.npmjs.org/graceful-fs/-/graceful-fs-4.2.11.tgz 653ms (cache miss)
690 timing reifyNode:node_modules/graceful-fs Completed in 715ms
691 http fetch GET 200 https://registry.npmjs.org/agent-base/-/agent-base-6.0.2.tgz 664ms (cache miss)
692 http fetch GET 200 https://registry.npmjs.org/cross-spawn/-/cross-spawn-7.0.3.tgz 655ms (cache miss)
693 timing reifyNode:node_modules/cross-spawn Completed in 720ms
694 http fetch GET 200 https://registry.npmjs.org/cookie/-/cookie-0.4.2.tgz 648ms (cache miss)
695 timing reifyNode:node_modules/cookie Completed in 720ms
696 timing reifyNode:node_modules/agent-base Completed in 727ms
697 http fetch GET 200 https://registry.npmjs.org/chalk/-/chalk-4.1.2.tgz 658ms (cache miss)
698 timing reifyNode:node_modules/chalk Completed in 737ms
699 http fetch GET 200 https://registry.npmjs.org/human-signals/-/human-signals-2.1.0.tgz 681ms (cache miss)
700 timing reifyNode:node_modules/human-signals Completed in 747ms
701 http fetch GET 200 https://registry.npmjs.org/lru_map/-/lru_map-0.3.3.tgz 678ms (cache miss)
702 http fetch GET 200 https://registry.npmjs.org/chardet/-/chardet-0.7.0.tgz 686ms (cache miss)
703 timing reifyNode:node_modules/chardet Completed in 751ms
704 timing reifyNode:node_modules/lru_map Completed in 751ms
705 http fetch GET 200 https://registry.npmjs.org/onetime/-/onetime-5.1.2.tgz 688ms (cache miss)
706 timing reifyNode:node_modules/onetime Completed in 753ms
707 http fetch GET 200 https://registry.npmjs.org/get-stream/-/get-stream-6.0.1.tgz 688ms (cache miss)
708 timing reifyNode:node_modules/get-stream Completed in 757ms
709 http fetch GET 200 https://registry.npmjs.org/node-machine-id/-/node-machine-id-1.1.12.tgz 690ms (cache miss)
710 timing reifyNode:node_modules/node-machine-id Completed in 768ms
711 http fetch GET 200 https://registry.npmjs.org/create-strapi-app/-/create-strapi-app-4.20.1.tgz 695ms (cache miss)
712 timing reifyNode:node_modules/create-strapi-app Completed in 777ms
713 http fetch GET 200 https://registry.npmjs.org/node-fetch/-/node-fetch-2.7.0.tgz 704ms (cache miss)
714 timing reifyNode:node_modules/node-fetch Completed in 778ms
715 http fetch GET 200 https://registry.npmjs.org/readable-stream/-/readable-stream-3.6.2.tgz 737ms (cache miss)
716 timing reifyNode:node_modules/readable-stream Completed in 783ms
717 http fetch GET 200 https://registry.npmjs.org/@sentry/minimal/-/minimal-6.19.7.tgz 718ms (cache miss)
718 timing reifyNode:node_modules/@sentry/minimal Completed in 785ms
719 http fetch GET 200 https://registry.npmjs.org/https-proxy-agent/-/https-proxy-agent-5.0.1.tgz 717ms (cache miss)
720 timing reifyNode:node_modules/https-proxy-agent Completed in 789ms
721 http fetch GET 200 https://registry.npmjs.org/execa/-/execa-5.1.1.tgz 718ms (cache miss)
722 timing reifyNode:node_modules/execa Completed in 797ms
723 http fetch GET 200 https://registry.npmjs.org/inquirer/-/inquirer-8.2.5.tgz 726ms (cache miss)
724 timing reifyNode:node_modules/inquirer Completed in 806ms
725 http fetch GET 200 https://registry.npmjs.org/type-fest/-/type-fest-0.21.3.tgz 765ms (cache miss)
726 timing reifyNode:node_modules/type-fest Completed in 819ms
727 http fetch GET 200 https://registry.npmjs.org/minipass/-/minipass-3.3.6.tgz 849ms (cache miss)
728 timing reifyNode:node_modules/minizlib/node_modules/minipass Completed in 935ms
729 http fetch GET 200 https://registry.npmjs.org/tslib/-/tslib-1.14.1.tgz 947ms (cache miss)
730 timing reifyNode:node_modules/tslib Completed in 1018ms
731 http fetch GET 200 https://registry.npmjs.org/minipass/-/minipass-3.3.6.tgz 937ms (cache miss)
732 timing reifyNode:node_modules/fs-minipass/node_modules/minipass Completed in 1021ms
733 http fetch GET 200 https://registry.npmjs.org/debug/-/debug-4.3.4.tgz 955ms (cache miss)
734 timing reifyNode:node_modules/debug Completed in 1025ms
735 http fetch GET 200 https://registry.npmjs.org/tar/-/tar-6.1.13.tgz 960ms (cache miss)
736 timing reifyNode:node_modules/tar Completed in 1033ms
737 http fetch GET 200 https://registry.npmjs.org/signal-exit/-/signal-exit-3.0.7.tgz 1021ms (cache miss)
738 timing reifyNode:node_modules/signal-exit Completed in 1103ms
739 http fetch GET 200 https://registry.npmjs.org/tslib/-/tslib-2.6.2.tgz 1025ms (cache miss)
740 timing reifyNode:node_modules/rxjs/node_modules/tslib Completed in 1108ms
741 http fetch GET 200 https://registry.npmjs.org/iconv-lite/-/iconv-lite-0.4.24.tgz 1069ms (cache miss)
742 timing reifyNode:node_modules/iconv-lite Completed in 1121ms
743 http fetch GET 200 https://registry.npmjs.org/semver/-/semver-7.5.4.tgz 1051ms (cache miss)
744 timing reifyNode:node_modules/semver Completed in 1122ms
745 http fetch GET 200 https://registry.npmjs.org/which/-/which-2.0.2.tgz 1116ms (cache miss)
746 timing reifyNode:node_modules/which Completed in 1177ms
747 http fetch GET 200 https://registry.npmjs.org/@sentry/core/-/core-6.19.7.tgz 1212ms (cache miss)
748 timing reifyNode:node_modules/@sentry/core Completed in 1284ms
749 http fetch GET 200 https://registry.npmjs.org/fs-extra/-/fs-extra-10.0.0.tgz 1225ms (cache miss)
750 timing reifyNode:node_modules/fs-extra Completed in 1307ms
751 http fetch GET 200 https://registry.npmjs.org/commander/-/commander-8.3.0.tgz 1243ms (cache miss)
752 timing reifyNode:node_modules/commander Completed in 1325ms
753 http fetch GET 200 https://registry.npmjs.org/@sentry/utils/-/utils-6.19.7.tgz 1416ms (cache miss)
754 timing reifyNode:node_modules/@sentry/utils Completed in 1487ms
755 http fetch GET 200 https://registry.npmjs.org/@sentry/hub/-/hub-6.19.7.tgz 1512ms (cache miss)
756 timing reifyNode:node_modules/@sentry/hub Completed in 1582ms
757 http fetch GET 200 https://registry.npmjs.org/@sentry/types/-/types-6.19.7.tgz 1562ms (cache miss)
758 timing reifyNode:node_modules/@sentry/types Completed in 1633ms
759 http fetch GET 200 https://registry.npmjs.org/@strapi/generate-new/-/generate-new-4.20.1.tgz 1749ms (cache miss)
760 timing reifyNode:node_modules/@strapi/generate-new Completed in 1832ms
761 http fetch GET 200 https://registry.npmjs.org/@sentry/node/-/node-6.19.7.tgz 1788ms (cache miss)
762 timing reifyNode:node_modules/@sentry/node Completed in 1866ms
763 http fetch GET 200 https://registry.npmjs.org/lodash/-/lodash-4.17.21.tgz 2050ms (cache miss)
764 timing reifyNode:node_modules/lodash Completed in 2128ms
765 http fetch GET 200 https://registry.npmjs.org/rxjs/-/rxjs-7.8.1.tgz 3057ms (cache miss)
766 timing reifyNode:node_modules/rxjs Completed in 3109ms
767 timing reify:unpack Completed in 3111ms
768 timing reify:unretire Completed in 0ms
769 timing build:queue Completed in 2ms
770 timing build:link:node_modules/create-strapi-app Completed in 7ms
771 timing build:link:node_modules/which Completed in 6ms
772 timing build:link:node_modules/mkdirp Completed in 6ms
773 timing build:link:node_modules/semver Completed in 6ms
774 timing build:link Completed in 7ms
775 timing build:deps Completed in 9ms
776 timing build Completed in 9ms
777 timing reify:build Completed in 9ms
778 timing reify:trash Completed in 1ms
779 timing reify:save Completed in 21ms
780 timing reify Completed in 15379ms
