0 verbose cli C:\Program Files\nodejs\node.exe C:\Users\user\Desktop\programming-ukm\ukm-w5\UsersuserAppDataRoamingnpm\node_modules\npm\bin\npm-cli.js
1 info using npm@10.4.0
2 info using node@v20.11.0
3 timing npm:load:whichnode Completed in 5ms
4 timing config:load:defaults Completed in 4ms
5 timing config:load:file:C:\Users\user\Desktop\programming-ukm\ukm-w5\UsersuserAppDataRoamingnpm\node_modules\npm\npmrc Completed in 7ms
6 timing config:load:builtin Completed in 7ms
7 timing config:load:cli Completed in 2ms
8 timing config:load:env Completed in 0ms
9 timing config:load:file:C:\Users\user\Desktop\programming-ukm\.npmrc Completed in 1ms
10 timing config:load:project Completed in 4ms
11 timing config:load:file:C:\Users\user\.npmrc Completed in 2ms
12 timing config:load:user Completed in 2ms
13 timing config:load:file:C:\Users\user\Desktop\programming-ukm\ukm-w5\UsersuserAppDataRoamingnpm\etc\npmrc Completed in 0ms
14 timing config:load:global Completed in 0ms
15 timing config:load:setEnvs Completed in 1ms
16 timing config:load Completed in 21ms
17 timing npm:load:configload Completed in 21ms
18 timing config:load:flatten Completed in 3ms
19 timing npm:load:mkdirpcache Completed in 0ms
20 timing npm:load:mkdirplogs Completed in 0ms
21 verbose title npm run dev
22 verbose argv "run" "dev"
23 timing npm:load:setTitle Completed in 1ms
24 timing npm:load:display Completed in 0ms
25 verbose logfile logs-max:10 dir:C:\Users\user\Desktop\programming-ukm\ukm-w5\UsersuserAppDataRoamingnpm-cache\_logs\2024-02-20T04_07_36_389Z-
26 verbose logfile C:\Users\user\Desktop\programming-ukm\ukm-w5\UsersuserAppDataRoamingnpm-cache\_logs\2024-02-20T04_07_36_389Z-debug-0.log
27 timing npm:load:logFile Completed in 10ms
28 timing npm:load:timers Completed in 0ms
29 timing npm:load:configScope Completed in 0ms
30 timing npm:load Completed in 87ms
31 silly logfile start cleaning logs, removing 2 files
32 timing command:run Completed in 16ms
33 verbose stack Error: Missing script: "dev"
33 verbose stack
33 verbose stack To see a list of scripts, run:
33 verbose stack   npm run
33 verbose stack     at RunScript.run (C:\Users\user\Desktop\programming-ukm\ukm-w5\UsersuserAppDataRoamingnpm\node_modules\npm\lib\commands\run-script.js:94:13)
33 verbose stack     at async module.exports (C:\Users\user\Desktop\programming-ukm\ukm-w5\UsersuserAppDataRoamingnpm\node_modules\npm\lib\cli-entry.js:61:5)
34 verbose cwd C:\Users\user\Desktop\programming-ukm\ukm-w5
35 verbose Windows_NT 10.0.22621
36 verbose node v20.11.0
37 verbose npm  v10.4.0
38 error Missing script: "dev"
38 error
38 error To see a list of scripts, run:
38 error   npm run
39 verbose exit 1
40 timing npm Completed in 252ms
41 verbose code 1
42 error A complete log of this run can be found in: C:\Users\user\Desktop\programming-ukm\ukm-w5\UsersuserAppDataRoamingnpm-cache\_logs\2024-02-20T04_07_36_389Z-debug-0.log
